c:\users\felix\google drive\school\2017summer\comp371\project\project_v7.06.07.10.05\comp371_lab7\debug\comp371_lab7.pch
c:\users\felix\google drive\school\2017summer\comp371\project\project_v7.06.07.10.05\comp371_lab7\debug\vc140.pdb
c:\users\felix\google drive\school\2017summer\comp371\project\project_v7.06.07.10.05\comp371_lab7\debug\vc140.idb
c:\users\felix\google drive\school\2017summer\comp371\project\project_v7.06.07.10.05\comp371_lab7\debug\stdafx.obj
c:\users\felix\google drive\school\2017summer\comp371\project\project_v7.06.07.10.05\comp371_lab7\debug\camera.obj
c:\users\felix\google drive\school\2017summer\comp371\project\project_v7.06.07.10.05\comp371_lab7\debug\project.obj
c:\users\felix\google drive\school\2017summer\comp371\project\project_v7.06.07.10.05\comp371_lab7\debug\objloader.obj
c:\users\felix\google drive\school\2017summer\comp371\project\project_v7.06.07.10.05\comp371_lab7\debug\wall.obj
c:\users\felix\google drive\school\2017summer\comp371\project\project_v7.06.12.13.54\comp371_lab7\debug\comp371_lab7.pch
c:\users\felix\google drive\school\2017summer\comp371\project\project_v7.06.12.13.54\comp371_lab7\debug\vc140.pdb
c:\users\felix\google drive\school\2017summer\comp371\project\project_v7.06.12.13.54\comp371_lab7\debug\vc140.idb
c:\users\felix\google drive\school\2017summer\comp371\project\project_v7.06.12.13.54\comp371_lab7\debug\stdafx.obj
c:\users\felix\google drive\school\2017summer\comp371\project\project_v7.06.12.13.54\comp371_lab7\debug\camera.obj
c:\users\felix\google drive\school\2017summer\comp371\project\project_v7.06.12.13.54\comp371_lab7\debug\mesh.obj
c:\users\felix\google drive\school\2017summer\comp371\project\project_v7.06.12.13.54\comp371_lab7\debug\project.obj
c:\users\felix\google drive\school\2017summer\comp371\project\project_v7.06.12.13.54\comp371_lab7\debug\objloader.obj
c:\users\felix\google drive\school\2017summer\comp371\project\project_v7.06.12.13.54\comp371_lab7\debug\shader.obj
c:\users\felix\google drive\school\2017summer\comp371\project\project_v7.06.12.13.54\comp371_lab7\debug\modelloader.obj
c:\users\felix\google drive\school\2017summer\comp371\project\project_v7.06.07.10.05\debug\comp371_lab7.ilk
c:\users\felix\google drive\school\2017summer\comp371\project\project_v7.06.07.10.05\debug\comp371_lab7.exe
c:\users\felix\google drive\school\2017summer\comp371\project\project_v7.06.07.10.05\debug\comp371_lab7.pdb
c:\users\felix\google drive\school\2017summer\comp371\project\project_v7.06.12.13.54\debug\comp371_lab7.ilk
c:\users\felix\google drive\school\2017summer\comp371\project\project_v7.06.12.13.54\debug\comp371_lab7.exe
c:\users\felix\google drive\school\2017summer\comp371\project\project_v7.06.12.13.54\debug\comp371_lab7.pdb
c:\users\felix\google drive\school\2017summer\comp371\project\project_v7.06.12.13.54\comp371_lab7\debug\wall.obj
c:\users\felix\google drive\school\2017summer\comp371\project\project_v7.06.12.13.54\comp371_lab7\debug\comp371_lab7.tlog\cl.command.1.tlog
c:\users\felix\google drive\school\2017summer\comp371\project\project_v7.06.12.13.54\comp371_lab7\debug\comp371_lab7.tlog\cl.read.1.tlog
c:\users\felix\google drive\school\2017summer\comp371\project\project_v7.06.12.13.54\comp371_lab7\debug\comp371_lab7.tlog\cl.write.1.tlog
c:\users\felix\google drive\school\2017summer\comp371\project\project_v7.06.12.13.54\comp371_lab7\debug\comp371_lab7.tlog\link.command.1.tlog
c:\users\felix\google drive\school\2017summer\comp371\project\project_v7.06.12.13.54\comp371_lab7\debug\comp371_lab7.tlog\link.read.1.tlog
c:\users\felix\google drive\school\2017summer\comp371\project\project_v7.06.12.13.54\comp371_lab7\debug\comp371_lab7.tlog\link.write.1.tlog
